<?xml version="1.0" encoding="UTF-8"?>
<!-- Generated by org.testng.reporters.JUnitXMLReporter -->
<testsuite ignored="0" hostname="LAPTOP-0UFRN6A4" failures="0" tests="2" name="Default test" time="0.061" errors="0" timestamp="2023-05-05T12:36:13 IST">
  <testcase classname="kiranlearningacademy.Mavenjava.seleniumprac" name="BrowserAutomation" time="0.011"/>
  <testcase classname="kiranlearningacademy.Mavenjava.seleniumprac" name="PageAutomation" time="0.002"/>
</testsuite> <!-- Default test -->
