<?xml version="1.0" encoding="UTF-8"?>
<!-- Generated by org.testng.reporters.JUnitXMLReporter -->
<testsuite ignored="0" hostname="LAPTOP-0UFRN6A4" failures="0" tests="4" name="Test" time="0.13" errors="0" timestamp="2023-05-05T13:35:14 IST">
  <testcase classname="kiranlearningacademy.Mavenjava.seleniumprac" name="BrowserAutomation" time="0.018"/>
  <testcase classname="kiranlearningacademy.Mavenjava.seleniumprac" name="PageAutomation" time="0.003"/>
  <testcase classname="kiranlearningacademy.Mavenjava.seleniumprac2" name="BrowserAutomation" time="0.003"/>
  <testcase classname="kiranlearningacademy.Mavenjava.seleniumprac2" name="PageAutomation" time="0.009"/>
</testsuite> <!-- Test -->
