<?xml version="1.0" encoding="UTF-8"?>
<!-- Generated by org.testng.reporters.JUnitXMLReporter -->
<testsuite ignored="0" hostname="LAPTOP-0UFRN6A4" failures="0" tests="4" name="Test" time="0.372" errors="0" timestamp="2023-05-05T13:42:41 IST">
  <testcase classname="kiranlearningacademy.Mavenjava.seleniumprac" name="BrowserAutomation" time="0.009"/>
  <testcase classname="kiranlearningacademy.Mavenjava.seleniumprac" name="PageAutomation" time="0.001"/>
  <testcase classname="kiranlearningacademy.Mavenjava.seleniumprac2" name="BrowserAutomation" time="0.001"/>
  <testcase classname="kiranlearningacademy.Mavenjava.seleniumprac2" name="PageAutomation" time="0.002"/>
</testsuite> <!-- Test -->
