<?xml version="1.0" encoding="UTF-8"?>
<testng-results ignored="0" total="4" passed="4" failed="0" skipped="0">
  <reporter-output>
  </reporter-output>
  <suite started-at="2023-05-05T13:42:41 IST" name="Suite" finished-at="2023-05-05T13:42:41 IST" duration-ms="372">
    <groups>
    </groups>
    <test started-at="2023-05-05T13:42:41 IST" name="Test" finished-at="2023-05-05T13:42:41 IST" duration-ms="372">
      <class name="kiranlearningacademy.Mavenjava.seleniumprac">
        <test-method signature="BrowserAutomation()[pri:0, instance:kiranlearningacademy.Mavenjava.seleniumprac@7c24b813]" started-at="2023-05-05T13:42:41 IST" name="BrowserAutomation" finished-at="2023-05-05T13:42:41 IST" duration-ms="9" status="PASS">
          <reporter-output>
          </reporter-output>
        </test-method> <!-- BrowserAutomation -->
        <test-method signature="PageAutomation()[pri:0, instance:kiranlearningacademy.Mavenjava.seleniumprac@7c24b813]" started-at="2023-05-05T13:42:41 IST" name="PageAutomation" finished-at="2023-05-05T13:42:41 IST" duration-ms="1" status="PASS">
          <reporter-output>
          </reporter-output>
        </test-method> <!-- PageAutomation -->
      </class> <!-- kiranlearningacademy.Mavenjava.seleniumprac -->
      <class name="kiranlearningacademy.Mavenjava.seleniumprac2">
        <test-method signature="BrowserAutomation()[pri:0, instance:kiranlearningacademy.Mavenjava.seleniumprac2@593aaf41]" started-at="2023-05-05T13:42:41 IST" name="BrowserAutomation" finished-at="2023-05-05T13:42:41 IST" duration-ms="1" status="PASS">
          <reporter-output>
          </reporter-output>
        </test-method> <!-- BrowserAutomation -->
        <test-method signature="PageAutomation()[pri:0, instance:kiranlearningacademy.Mavenjava.seleniumprac2@593aaf41]" started-at="2023-05-05T13:42:41 IST" name="PageAutomation" finished-at="2023-05-05T13:42:41 IST" duration-ms="2" status="PASS">
          <reporter-output>
          </reporter-output>
        </test-method> <!-- PageAutomation -->
      </class> <!-- kiranlearningacademy.Mavenjava.seleniumprac2 -->
    </test> <!-- Test -->
  </suite> <!-- Suite -->
</testng-results>
