<?xml version="1.0" encoding="UTF-8"?>
<testsuite xmlns:xsi="http://www.w3.org/2001/XMLSchema-instance" xsi:noNamespaceSchemaLocation="https://maven.apache.org/surefire/maven-surefire-plugin/xsd/surefire-test-report-3.0.xsd" version="3.0" name="TestSuite" time="2.527" tests="4" errors="0" skipped="0" failures="0">
  <properties>
[...]
</properties>
  <testcase name="BrowserAutomation" classname="kiranlearningacademy.Mavenjava.seleniumprac" time="0.014">
    <system-out><![CDATA[Hi i am from BrowserAutomation
]]></system-out>
    <system-err><![CDATA[SLF4J: Failed to load class "org.slf4j.impl.StaticLoggerBinder".
SLF4J: Defaulting to no-operation (NOP) logger implementation
SLF4J: See http://www.slf4j.org/codes.html#StaticLoggerBinder for further details.
]]></system-err>
  </testcase>
  <testcase name="PageAutomation" classname="kiranlearningacademy.Mavenjava.seleniumprac" time="0.004">
    <system-out><![CDATA[Hi i am from PageAutomation
]]></system-out>
  </testcase>
  <testcase name="BrowserAutomation" classname="kiranlearningacademy.Mavenjava.seleniumprac2" time="0.002">
    <system-out><![CDATA[Hi i am from BrowserAutomation seleniumprac2
]]></system-out>
  </testcase>
  <testcase name="PageAutomation" classname="kiranlearningacademy.Mavenjava.seleniumprac2" time="0.005">
    <system-out><![CDATA[Hi i am from PageAutomation seleniumprac2
]]></system-out>
  </testcase>
</testsuite>