<?xml version="1.0" encoding="UTF-8"?>
<testng-results ignored="0" total="4" passed="4" failed="0" skipped="0">
  <reporter-output>
  </reporter-output>
  <suite started-at="2023-05-05T13:35:13 IST" name="Suite" finished-at="2023-05-05T13:35:13 IST" duration-ms="130">
    <groups>
    </groups>
    <test started-at="2023-05-05T13:35:13 IST" name="Test" finished-at="2023-05-05T13:35:13 IST" duration-ms="130">
      <class name="kiranlearningacademy.Mavenjava.seleniumprac">
        <test-method signature="BrowserAutomation()[pri:0, instance:kiranlearningacademy.Mavenjava.seleniumprac@5403f35f]" started-at="2023-05-05T13:35:13 IST" name="BrowserAutomation" finished-at="2023-05-05T13:35:13 IST" duration-ms="18" status="PASS">
          <reporter-output>
          </reporter-output>
        </test-method> <!-- BrowserAutomation -->
        <test-method signature="PageAutomation()[pri:0, instance:kiranlearningacademy.Mavenjava.seleniumprac@5403f35f]" started-at="2023-05-05T13:35:13 IST" name="PageAutomation" finished-at="2023-05-05T13:35:13 IST" duration-ms="3" status="PASS">
          <reporter-output>
          </reporter-output>
        </test-method> <!-- PageAutomation -->
      </class> <!-- kiranlearningacademy.Mavenjava.seleniumprac -->
      <class name="kiranlearningacademy.Mavenjava.seleniumprac2">
        <test-method signature="BrowserAutomation()[pri:0, instance:kiranlearningacademy.Mavenjava.seleniumprac2@3232a28a]" started-at="2023-05-05T13:35:13 IST" name="BrowserAutomation" finished-at="2023-05-05T13:35:13 IST" duration-ms="3" status="PASS">
          <reporter-output>
          </reporter-output>
        </test-method> <!-- BrowserAutomation -->
        <test-method signature="PageAutomation()[pri:0, instance:kiranlearningacademy.Mavenjava.seleniumprac2@3232a28a]" started-at="2023-05-05T13:35:13 IST" name="PageAutomation" finished-at="2023-05-05T13:35:13 IST" duration-ms="9" status="PASS">
          <reporter-output>
          </reporter-output>
        </test-method> <!-- PageAutomation -->
      </class> <!-- kiranlearningacademy.Mavenjava.seleniumprac2 -->
    </test> <!-- Test -->
  </suite> <!-- Suite -->
</testng-results>
